c.RpcServer.call(RpcServer.java:2114)
	at org.apache.hadoop.hbase.ipc.CallRunner.run(CallRunner.java:101)
	at org.apache.hadoop.hbase.ipc.RpcExecutor.consumerLoop(RpcExecutor.java:130)
	at org.apache.hadoop.hbase.ipc.RpcExecutor$1.run(RpcExecutor.java:107)
	at java.lang.Thread.run(Thread.java:745)
) when access region (*regioninfo.Info{Table: "fuckclient", RegionName: "fuckclient,,1461218348322.94561ad079bc814c33b0ee70bead49a7.", StartKey: "", StopKey: ""})
[07/06/16 16:15:41] [INFO] establishRegion(*regioninfo.Info{Table: "fuckclient", RegionName: "fuckclient,,1461218348322.94561ad079bc814c33b0ee70bead49a7.", StartKey: "", StopKey: ""}, , 0)
[07/06/16 16:15:41] [INFO] establishRegion(*regioninfo.Info{Table: "fuckclient", RegionName: "fuckclient,,1461218348322.94561ad079bc814c33b0ee70bead49a7.", StartKey: "", StopKey: ""}, , 0)
[07/06/16 16:15:41] [INFO] establishRegion(*regioninfo.Info{Table: "fuckclient", RegionName: "fuckclient,,1461218348322.94561ad079bc814c33b0ee70bead49a7.", StartKey: "", StopKey: ""}, , 0)
[07/06/16 16:15:41] [INFO] establishRegion(*regioninfo.Info{Table: "fuckclient", RegionName: "fuckclient,,1461218348322.94561ad079bc814c33b0ee70bead49a7.", StartKey: "", StopKey: ""}, , 0)
[07/06/16 16:15:41] [INFO] establishRegion(*regioninfo.Info{Table: "fuckclient", RegionName: "fuckclient,,1461218348322.94561ad079bc814c33b0ee70bead49a7.", StartKey: "", StopKey: ""}, , 0)
[07/06/16 16:15:41] [INFO] establishRegion(*regioninfo.Info{Table: "fuckclient", RegionName: "fuckclient,,1461218348322.94561ad079bc814c33b0ee70bead49a7.", StartKey: "", StopKey: ""}, , 0)
[07/06/16 16:15:41] [INFO] establishRegion(*regioninfo.Info{Table: "fuckclient", RegionName: "fuckclient,,1461218348322.94561ad079bc814c33b0ee70bead49a7.", StartKey: "", StopKey: ""}, , 0)
[07/06/16 16:15:41] [INFO] establishRegion(*regioninfo.Info{Table: "fuckclient", RegionName: "fuckclient,,1461218348322.94561ad079bc814c33b0ee70bead49a7.", StartKey: "", StopKey: ""}, , 0)
[07/06/16 16:15:41] [INFO] establishRegion(*regioninfo.Info{Table: "fuckclient", RegionName: "fuckclient,,1461218348322.94561ad079bc814c33b0ee70bead49a7.", StartKey: "", StopKey: ""}, , 0)
[07/06/16 16:15:41] [INFO] establishRegion(*regioninfo.Info{Table: "fuckclient", RegionName: "fuckclient,,1461218348322.94561ad079bc814c33b0ee70bead49a7.", StartKey: "", StopKey: ""}, , 0)
[07/06/16 16:15:41] [INFO] establishRegion(*regioninfo.Info{Table: "fuckclient", RegionName: "fuckclient,,1461218348322.94561ad079bc814c33b0ee70bead49a7.", StartKey: "", StopKey: ""}, , 0)
[07/06/16 16:15:41] [INFO] establishRegion(*regioninfo.Info{Table: "fuckclient", RegionName: "fuckclient,,1461218348322.94561ad079bc814c33b0ee70bead49a7.", StartKey: "", StopKey: ""}, , 0)
[07/06/16 16:15:41] [INFO] establishRegion(*regioninfo.Info{Table: "fuckclient", RegionName: "fuckclient,,1461218348322.94561ad079bc814c33b0ee70bead49a7.", StartKey: "", StopKey: ""}, , 0)
[07/06/16 16:15:41] [INFO] establishRegion(*regioninfo.Info{Table: "fuckclient", RegionName: "fuckclient,,1461218348322.94561ad079bc814c33b0ee70bead49a7.", StartKey: "", StopKey: ""}, , 0)
[07/06/16 16:15:41] [INFO] establishRegion(*regioninfo.Info{Table: "fuckclient", RegionName: "fuckclient,,1461218348322.94561ad079bc814c33b0ee70bead49a7.", StartKey: "", StopKey: ""}, , 0)
[07/06/16 16:15:41] [INFO] establishRegion(*regioninfo.Info{Table: "fuckclient", RegionName: "fuckclient,,1461218348322.94561ad079bc814c33b0ee70bead49a7.", StartKey: "", StopKey: ""}, , 0)
[07/06/16 16:15:41] [INFO] establishRegion(*regioninfo.Info{Table: "fuckclient", RegionName: "fuckclient,,1461218348322.94561ad079bc814c33b0ee70bead49a7.", StartKey: "", StopKey: ""}, , 0)
[07/06/16 16:15:41] [INFO] establishRegion(*regioninfo.Info{Table: "fuckclient", RegionName: "fuckclient,,1461218348322.94561ad079bc814c33b0ee70bead49a7.", StartKey: "", StopKey: ""}, , 0)
[07/06/16 16:15:41] [INFO] establishRegion(*regioninfo.Info{Table: "fuckclient", RegionName: "fuckclient,,1461218348322.94561ad079bc814c33b0ee70bead49a7.", StartKey: "", StopKey: ""}, , 0)
[07/06/16 16:15:41] [INFO] establishRegion(*regioninfo.Info{Table: "fuckclient", RegionName: "fuckclient,,1461218348322.94561ad079bc814c33b0ee70bead49a7.", StartKey: "", StopKey: ""}, , 0)
[07/06/16 16:15:41] [INFO] establishRegion(*regioninfo.Info{Table: "fuckclient", RegionName: "fuckclient,,1461218348322.94561ad079bc814c33b0ee70bead49a7.", StartKey: "", StopKey: ""}, , 0)
[07/06/16 16:15:41] [INFO] establishRegion(*regioninfo.Info{Table: "fuckclient", RegionName: "fuckclient,,1461218348322.94561ad079bc814c33b0ee70bead49a7.", StartKey: "", StopKey: ""}, , 0)
[07/06/16 16:15:41] [INFO] establishRegion(*regioninfo.Info{Table: "fuckclient", RegionName: "fuckclient,,1461218348322.94561ad079bc814c33b0ee70bead49a7.", StartKey: "", StopKey: ""}, , 0)
[07/06/16 16:15:41] [INFO] establishRegion(*regioninfo.Info{Table: "fuckclient", RegionName: "fuckclient,,1461218348322.94561ad079bc814c33b0ee70bead49a7.", StartKey: "", StopKey: ""}, , 0)
[07/06/16 16:15:41] [INFO] establishRegion(*regioninfo.Info{Table: "fuckclient", RegionName: "fuckclient,,1461218348322.94561ad079bc814c33b0ee70bead49a7.", StartKey: "", StopKey: ""}, , 0)
[07/06/16 16:15:41] [INFO] establishRegion(*regioninfo.Info{Table: "fuckclient", RegionName: "fuckclient,,1461218348322.94561ad079bc814c33b0ee70bead49a7.", StartKey: "", StopKey: ""}, , 0)
[07/06/16 16:15:41] [INFO] establishRegion(*regioninfo.Info{Table: "fuckclient", RegionName: "fuckclient,,1461218348322.94561ad079bc814c33b0ee70bead49a7.", StartKey: "", StopKey: ""}, , 0)
[07/06/16 16:15:41] [INFO] establishRegion(*regioninfo.Info{Table: "fuckclient", RegionName: "fuckclient,,1461218348322.94561ad079bc814c33b0ee70bead49a7.", StartKey: "", StopKey: ""}, , 0)
[07/06/16 16:15:41] [INFO] establishRegion(*regioninfo.Info{Table: "fuckclient", RegionName: "fuckclient,,1461218348322.94561ad079bc814c33b0ee70bead49a7.", StartKey: "", StopKey: ""}, , 0)
[07/06/16 16:15:41] [INFO] establishRegion(*regioninfo.Info{Table: "fuckclient", RegionName: "fuckclient,,1461218348322.94561ad079bc814c33b0ee70bead49a7.", StartKey: "", StopKey: ""}, , 0)
[07/06/16 16:15:41] [INFO] establishRegion(*regioninfo.Info{Table: "fuckclient", RegionName: "fuckclient,,1461218348322.94561ad079bc814c33b0ee70bead49a7.", StartKey: "", StopKey: ""}, , 0)
[07/06/16 16:15:41] [INFO] establishRegion(*regioninfo.Info{Table: "fuckclient", RegionName: "fuckclient,,1461218348322.94561ad079bc814c33b0ee70bead49a7.", StartKey: "", StopKey: ""}, , 0)
[07/06/16 16:15:41] [INFO] establishRegion(*regioninfo.Info{Table: "fuckclient", RegionName: "fuckclient,,1461218348322.94561ad079bc814c33b0ee70bead49a7.", StartKey: "", StopKey: ""}, , 0)
[07/06/16 16:15:41] [INFO] establishRegion(*regioninfo.Info{Table: "fuckclient", RegionName: "fuckclient,,1461218348322.94561ad079bc814c33b0ee70bead49a7.", StartKey: "", StopKey: ""}, , 0)
[07/06/16 16:15:41] [INFO] establishRegion(*regioninfo.Info{Table: "fuckclient", RegionName: "fuckclient,,1461218348322.94561ad079bc814c33b0ee70bead49a7.", StartKey: "", StopKey: ""}, , 0)
[07/06/16 16:15:41] [INFO] establishRegion(*regioninfo.Info{Table: "fuckclient", RegionName: "fuckclient,,1461218348322.94561ad079bc814c33b0ee70bead49a7.", StartKey: "", StopKey: ""}, , 0)
[07/06/16 16:15:41] [INFO] establishRegion(*regioninfo.Info{Table: "fuckclient", RegionName: "fuckclient,,1461218348322.94561ad079bc814c33b0ee70bead49a7.", StartKey: "", StopKey: ""}, , 0)
[07/06/16 16:15:41] [INFO] establishRegion(*regioninfo.Info{Table: "fuckclient", RegionName: "fuckclient,,1461218348322.94561ad079bc814c33b0ee70bead49a7.", StartKey: "", StopKey: ""}, , 0)
[07/06/16 16:15:41] [INFO] establishRegion(*regioninfo.Info{Table: "fuckclient", RegionName: "fuckclient,,1461218348322.94561ad079bc814c33b0ee70bead49a7.", StartKey: "", StopKey: ""}, , 0)
[07/06/16 16:15:41] [INFO] establishRegion(*regioninfo.Info{Table: "fuckclient", RegionName: "fuckclient,,1461218348322.94561ad079bc814c33b0ee70bead49a7.", StartKey: "", StopKey: ""}, , 0)
[07/06/16 16:15:41] [INFO] establishRegion(*regioninfo.Info{Table: "fuckclient", RegionName: "fuckclient,,1461218348322.94561ad079bc814c33b0ee70bead49a7.", StartKey: "", StopKey: ""}, , 0)
[07/06/16 16:15:41] [INFO] establishRegion(*regioninfo.Info{Table: "fuckclient", RegionName: "fuckclient,,1461218348322.94561ad079bc814c33b0ee70bead49a7.", StartKey: "", StopKey: ""}, , 0)
[07/06/16 16:15:41] [INFO] establishRegion(*regioninfo.Info{Table: "fuckclient", RegionName: "fuckclient,,1461218348322.94561ad079bc814c33b0ee70bead49a7.", StartKey: "", StopKey: ""}, , 0)
[07/06/16 16:15:41] [INFO] establishRegion(*regioninfo.Info{Table: "fuckclient", RegionName: "fuckclient,,1461218348322.94561ad079bc814c33b0ee70bead49a7.", StartKey: "", StopKey: ""}, , 0)
[07/06/16 16:15:41] [INFO] establishRegion(*regioninfo.Info{Table: "fuckclient", RegionName: "fuckclient,,1461218348322.94561ad079bc814c33b0ee70bead49a7.", StartKey: "", StopKey: ""}, , 0)
[07/06/16 16:15:41] [INFO] establishRegion(*regioninfo.Info{Table: "fuckclient", RegionName: "fuckclient,,1461218348322.94561ad079bc814c33b0ee70bead49a7.", StartKey: "", StopKey: ""}, , 0)
[07/06/16 16:15:41] [INFO] establishRegion(*regioninfo.Info{Table: "fuckclient", RegionName: "fuckclient,,1461218348322.94561ad079bc814c33b0ee70bead49a7.", StartKey: "", StopKey: ""}, , 0)
[07/06/16 16:15:41] [INFO] establishRegion(*regioninfo.Info{Table: "fuckclient", RegionName: "fuckclient,,1461218348322.94561ad079bc814c33b0ee70bead49a7.", StartKey: "", StopKey: ""}, , 0)
[07/06/16 16:15:41] [INFO] establishRegion(*regioninfo.Info{Table: "fuckclient", RegionName: "fuckclient,,1461218348322.94561ad079bc814c33b0ee70bead49a7.", StartKey: "", StopKey: ""}, , 0)
[07/06/16 16:15:41] [INFO] establishRegion(*regioninfo.Info{Table: "fuckclient", RegionName: "fuckclient,,1461218348322.94561ad079bc814c33b0ee70bead49a7.", StartKey: "", StopKey: ""}, , 0)
[07/06/16 16:15:41] [INFO] establishRegion(*regioninfo.Info{Table: "fuckclient", RegionName: "fuckclient,,1461218348322.94561ad079bc814c33b0ee70bead49a7.", StartKey: "", StopKey: ""}, , 0)
[07/06/16 16:15:41] [INFO] establishRegion(*regioninfo.Info{Table: "fuckclient", RegionName: "fuckclient,,1461218348322.94561ad079bc814c33b0ee70bead49a7.", StartKey: "", StopKey: ""}, , 0)
[07/06/16 16:15:41] [INFO] establishRegion(*regioninfo.Info{Table: "fuckclient", RegionName: "fuckclient,,1461218348322.94561ad079bc814c33b0ee70bead49a7.", StartKey: "", StopKey: ""}, , 0)
[07/06/16 16:15:41] [INFO] establishRegion(*regioninfo.Info{Table: "fuckclient", RegionName: "fuckclient,,1461218348322.94561ad079bc814c33b0ee70bead49a7.", StartKey: "", StopKey: ""}, , 0)
[07/06/16 16:15:41] [INFO] establishRegion(*regioninfo.Info{Table: "fuckclient", RegionName: "fuckclient,,1461218348322.94561ad079bc814c33b0ee70bead49a7.", StartKey: "", StopKey: ""}, , 0)
[07/06/16 16:15:41] [INFO] establishRegion(*regioninfo.Info{Table: "fuckclient", RegionName: "fuckclient,,1461218348322.94561ad079bc814c33b0ee70bead49a7.", StartKey: "", StopKey: ""}, , 0)
[07/06/16 16:15:41] [INFO] establishRegion(*regioninfo.Info{Table: "fuckclient", RegionName: "fuckclient,,1461218348322.94561ad079bc814c33b0ee70bead49a7.", StartKey: "", StopKey: ""}, , 0)
[07/06/16 16:15:41] [INFO] establishRegion(*regioninfo.Info{Table: "fuckclient", RegionName: "fuckclient,,1461218348322.94561ad079bc814c33b0ee70bead49a7.", StartKey: "", StopKey: ""}, , 0)
[07/06/16 16:15:41] [INFO] establishRegion(*regioninfo.Info{Table: "fuckclient", RegionName: "fuckclient,,1461218348322.94561ad079bc814c33b0ee70bead49a7.", StartKey: "", StopKey: ""}, , 0)
[07/06/16 16:15:41] [INFO] establishRegion(*regioninfo.Info{Table: "fuckclient", RegionName: "fuckclient,,1461218348322.94561ad079bc814c33b0ee70bead49a7.", StartKey: "", StopKey: ""}, , 0)
[07/06/16 16:15:41] [INFO] establishRegion(*regioninfo.Info{Table: "fuckclient", RegionName: "fuckclient,,1461218348322.94561ad079bc814c33b0ee70bead49a7.", StartKey: "", StopKey: ""}, , 0)
[07/06/16 16:15:41] [INFO] establishRegion(*regioninfo.Info{Table: "fuckclient", RegionName: "fuckclient,,1461218348322.94561ad079bc814c33b0ee70bead49a7.", StartKey: "", StopKey: ""}, , 0)
[07/06/16 16:15:41] [INFO] establishRegion(*regioninfo.Info{Table: "fuckclient", RegionName: "fuckclient,,1461218348322.94561ad079bc814c33b0ee70bead49a7.", StartKey: "", StopKey: ""}, , 0)
[07/06/16 16:15:41] [INFO] establishRegion(*regioninfo.Info{Table: "fuckclient", RegionName: "fuckclient,,1461218348322.94561ad079bc814c33b0ee70bead49a7.", StartKey: "", StopKey: ""}, , 0)
[07/06/16 16:15:41] [INFO] establishRegion(*regioninfo.Info{Table: "fuckclient", RegionName: "fuckclient,,1461218348322.94561ad079bc814c33b0ee70bead49a7.", StartKey: "", StopKey: ""}, , 0)
[07/06/16 16:15:41] [INFO] establishRegion(*regioninfo.Info{Table: "fuckclient", RegionName: "fuckclient,,1461218348322.94561ad079bc814c33b0ee70bead49a7.", StartKey: "", StopKey: ""}, , 0)
[07/06/16 16:15:41] [INFO] establishRegion(*regioninfo.Info{Table: "fuckclient", RegionName: "fuckclient,,1461218348322.94561ad079bc814c33b0ee70bead49a7.", StartKey: "", StopKey: ""}, , 0)
[07/06/16 16:15:41] [INFO] establishRegion(*regioninfo.Info{Table: "fuckclient", RegionName: "fuckclient,,1461218348322.94561ad079bc814c33b0ee70bead49a7.", StartKey: "", StopKey: ""}, , 0)
[07/06/16 16:15:41] [INFO] establishRegion(*regioninfo.Info{Table: "fuckclient", RegionName: "fuckclient,,1461218348322.94561ad079bc814c33b0ee70bead49a7.", StartKey: "", StopKey: ""}, , 0)
[07/06/16 16:15:41] [INFO] establishRegion(*regioninfo.Info{Table: "fuckclient", RegionName: "fuckclient,,1461218348322.94561ad079bc814c33b0ee70bead49a7.", StartKey: "", StopKey: ""}, , 0)
[07/06/16 16:15:41] [INFO] establishRegion(*regioninfo.Info{Table: "fuckclient", RegionName: "fuckclient,,1461218348322.94561ad079bc814c33b0ee70bead49a7.", StartKey: "", StopKey: ""}, , 0)
[07/06/16 16:15:41] [INFO] establishRegion(*regioninfo.Info{Table: "fuckclient", RegionName: "fuckclient,,1461218348322.94561ad079bc814c33b0ee70bead49a7.", StartKey: "", StopKey: ""}, , 0)
[07/06/16 16:15:41] [INFO] establishRegion(*regioninfo.Info{Table: "fuckclient", RegionName: "fuckclient,,1461218348322.94561ad079bc814c33b0ee70bead49a7.", StartKey: "", StopKey: ""}, , 0)
[07/06/16 16:15:41] [INFO] establishRegion(*regioninfo.Info{Table: "fuckclient", RegionName: "fuckclient,,1461218348322.94561ad079bc814c33b0ee70bead49a7.", StartKey: "", StopKey: ""}, , 0)
[07/06/16 16:15:41] [INFO] establishRegion(*regioninfo.Info{Table: "fuckclient", RegionName: "fuckclient,,1461218348322.94561ad079bc814c33b0ee70bead49a7.", StartKey: "", StopKey: ""}, , 0)
[07/06/16 16:15:41] [INFO] establishRegion(*regioninfo.Info{Table: "fuckclient", RegionName: "fuckclient,,1461218348322.94561ad079bc814c33b0ee70bead49a7.", StartKey: "", StopKey: ""}, , 0)
[07/06/16 16:15:41] [INFO] establishRegion(*regioninfo.Info{Table: "fuckclient", RegionName: "fuckclient,,1461218348322.94561ad079bc814c33b0ee70bead49a7.", StartKey: "", StopKey: ""}, , 0)
[07/06/16 16:15:41] [INFO] establishRegion(*regioninfo.Info{Table: "fuckclient", RegionName: "fuckclient,,1461218348322.94561ad079bc814c33b0ee70bead49a7.", StartKey: "", StopKey: ""}, , 0)
[07/06/16 16:15:41] [INFO] establishRegion(*regioninfo.Info{Table: "fuckclient", RegionName: "fuckclient,,1461218348322.94561ad079bc814c33b0ee70bead49a7.", StartKey: "", StopKey: ""}, , 0)
[07/06/16 16:15:41] [INFO] establishRegion(*regioninfo.Info{Table: "fuckclient", RegionName: "fuckclient,,1461218348322.94561ad079bc814c33b0ee70bead49a7.", StartKey: "", StopKey: ""}, , 0)
[07/06/16 16:15:41] [INFO] establishRegion(*regioninfo.Info{Table: "fuckclient", RegionName: "fuckclient,,1461218348322.94561ad079bc814c33b0ee70bead49a7.", StartKey: "", StopKey: ""}, , 0)
[07/06/16 16:15:41] [INFO] establishRegion(*regioninfo.Info{Table: "fuckclient", RegionName: "fuckclient,,1461218348322.94561ad079bc814c33b0ee70bead49a7.", StartKey: "", StopKey: ""}, , 0)
[07/06/16 16:15:41] [INFO] establishRegion(*regioninfo.Info{Table: "fuckclient", RegionName: "fuckclient,,1461218348322.94561ad079bc814c33b0ee70bead49a7.", StartKey: "", StopKey: ""}, , 0)
[07/06/16 16:15:41] [INFO] establishRegion(*regioninfo.Info{Table: "fuckclient", RegionName: "fuckclient,,1461218348322.94561ad079bc814c33b0ee70bead49a7.", StartKey: "", StopKey: ""}, , 0)
[07/06/16 16:15:41] [INFO] establishRegion(*regioninfo.Info{Table: "fuckclient", RegionName: "fuckclient,,1461218348322.94561ad079bc814c33b0ee70bead49a7.", StartKey: "", StopKey: ""}, , 0)
[07/06/16 16:15:41] [INFO] establishRegion(*regioninfo.Info{Table: "fuckclient", RegionName: "fuckclient,,1461218348322.94561ad079bc814c33b0ee70bead49a7.", StartKey: "", StopKey: ""}, , 0)
[07/06/16 16:15:41] [INFO] establishRegion(*regioninfo.Info{Table: "fuckclient", RegionName: "fuckclient,,1461218348322.94561ad079bc814c33b0ee70bead49a7.", StartKey: "", StopKey: ""}, , 0)
[07/06/16 16:15:41] [INFO] establishRegion(*regioninfo.Info{Table: "fuckclient", RegionName: "fuckclient,,1461218348322.94561ad079bc814c33b0ee70bead49a7.", StartKey: "", StopKey: ""}, , 0)
[07/06/16 16:15:41] [INFO] establishRegion(*regioninfo.Info{Table: "fuckclient", RegionName: "fuckclient,,1461218348322.94561ad079bc814c33b0ee70bead49a7.", StartKey: "", StopKey: ""}, , 0)
[07/06/16 16:15:41] [INFO] establishRegion(*regioninfo.Info{Table: "fuckclient", RegionName: "fuckclient,,1461218348322.94561ad079bc814c33b0ee70bead49a7.", StartKey: "", StopKey: ""}, , 0)
[07/06/16 16:15:41] [INFO] establishRegion(*regioninfo.Info{Table: "fuckclient", RegionName: "fuckclient,,1461218348322.94561ad079bc814c33b0ee70bead49a7.", StartKey: "", StopKey: ""}, , 0)
[07/06/16 16:15:41] [INFO] establishRegion(*regioninfo.Info{Table: "fuckclient", RegionName: "fuckclient,,1461218348322.94561ad079bc814c33b0ee70bead49a7.", StartKey: "", StopKey: ""}, , 0)
[07/06/16 16:15:41] [INFO] establishRegion(*regioninfo.Info{Table: "fuckclient", RegionName: "fuckclient,,1461218348322.94561ad079bc814c33b0ee70bead49a7.", StartKey: "", StopKey: ""}, , 0)
[07/06/16 16:15:41] [INFO] establishRegion(*regioninfo.Info{Table: "fuckclient", RegionName: "fuckclient,,1461218348322.94561ad079bc814c33b0ee70bead49a7.", StartKey: "", StopKey: ""}, , 0)
[07/06/16 16:15:41] [INFO] establishRegion(*regioninfo.Info{Table: "fuckclient", RegionName: "fuckclient,,1461218348322.94561ad079bc814c33b0ee70bead49a7.", StartKey: "", StopKey: ""}, , 0)
[07/06/16 16:15:41] [INFO] establishRegion(*regioninfo.Info{Table: "fuckclient", RegionName: "fuckclient,,1461218348322.94561ad079bc814c33b0ee70bead49a7.", StartKey: "", StopKey: ""}, , 0)
[07/06/16 16:15:41] [INFO] establishRegion(*regioninfo.Info{Table: "fuckclient", RegionName: "fuckclient,,1461218348322.94561ad079bc814c33b0ee70bead49a7.", StartKey: "", StopKey: ""}, , 0)
[07/06/16 16:15:41] [INFO] establishRegion(*regioninfo.Info{Table: "fuckclient", RegionName: "fuckclient,,1461218348322.94561ad079bc814c33b0ee70bead49a7.", StartKey: "", StopKey: ""}, , 0)
[07/06/16 16:15:41] [INFO] establishRegion(*regioninfo.Info{Table: "fuckclient", RegionName: "fuckclient,,1461218348322.94561ad079bc814c33b0ee70bead49a7.", StartKey: "", StopKey: ""}, , 0)
[07/06/16 16:15:41] [INFO] establishRegion(*regioninfo.Info{Table: "fuckclient", RegionName: "fuckclient,,1461218348322.94561ad079bc814c33b0ee70bead49a7.", StartKey: "", StopKey: ""}, , 0)
[07/06/16 16:15:41] [INFO] establishRegion(*regioninfo.Info{Table: "fuckclient", RegionName: "fuckclient,,1461218348322.94561ad079bc814c33b0ee70bead49a7.", StartKey: "", StopKey: ""}, , 0)
[07/06/16 16:15:41] [INFO] establishRegion(*regioninfo.Info{Table: "fuckclient", RegionName: "fuckclient,,1461218348322.94561ad079bc814c33b0ee70bead49a7.", StartKey: "", StopKey: ""}, , 0)
[07/06/16 16:15:41] [INFO] establishRegion(*regioninfo.Info{Table: "fuckclient", RegionName: "fuckclient,,1461218348322.94561ad079bc814c33b0ee70bead49a7.", StartKey: "", StopKey: ""}, , 0)
[07/06/16 16:15:41] [INFO] establishRegion(*regioninfo.Info{Table: "fuckclient", RegionName: "fuckclient,,1461218348322.94561ad079bc814c33b0ee70bead49a7.", StartKey: "", StopKey: ""}, , 0)
[07/06/16 16:15:41] [INFO] establishRegion(*regioninfo.Info{Table: "fuckclient", RegionName: "fuckclient,,1461218348322.94561ad079bc814c33b0ee70bead49a7.", StartKey: "", StopKey: ""}, , 0)
[07/06/16 16:15:41] [INFO] establishRegion(*regioninfo.Info{Table: "fuckclient", RegionName: "fuckclient,,1461218348322.94561ad079bc814c33b0ee70bead49a7.", StartKey: "", StopKey: ""}, , 0)
[07/06/16 16:15:41] [INFO] establishRegion(*regioninfo.Info{Table: "fuckclient", RegionName: "fuckclient,,1461218348322.94561ad079bc814c33b0ee70bead49a7.", StartKey: "", StopKey: ""}, , 0)
[07/06/16 16:15:41] [INFO] establishRegion(*regioninfo.Info{Table: "fuckclient", RegionName: "fuckclient,,1461218348322.94561ad079bc814c33b0ee70bead49a7.", StartKey: "", StopKey: ""}, , 0)
[07/06/16 16:15:41] [INFO] establishRegion(*regioninfo.Info{Table: "fuckclient", RegionName: "fuckclient,,1461218348322.94561ad079bc814c33b0ee70bead49a7.", StartKey: "", StopKey: ""}, , 0)
[07/06/16 16:15:41] [INFO] establishRegion(*regioninfo.Info{Table: "fuckclient", RegionName: "fuckclient,,1461218348322.94561ad079bc814c33b0ee70bead49a7.", StartKey: "", StopKey: ""}, , 0)
[07/06/16 16:15:41] [INFO] establishRegion(*regioninfo.Info{Table: "fuckclient", RegionName: "fuckclient,,1461218348322.94561ad079bc814c33b0ee70bead49a7.", StartKey: "", StopKey: ""}, , 0)
[07/06/16 16:15:41] [INFO] establishRegion(*regioninfo.Info{Table: "fuckclient", RegionName: "fuckclient,,1461218348322.94561ad079bc814c33b0ee70bead49a7.", StartKey: "", StopKey: ""}, , 0)
[07/06/16 16:15:41] [INFO] establishRegion(*regioninfo.Info{Table: "fuckclient", RegionName: "fuckclient,,1461218348322.94561ad079bc814c33b0ee70bead49a7.", StartKey: "", StopKey: ""}, , 0)
[07/06/16 16:15:41] [INFO] establishRegion(*regioninfo.Info{Table: "fuckclient", RegionName: "fuckclient,,1461218348322.94561ad079bc814c33b0ee70bead49a7.", StartKey: "", StopKey: ""}, , 0)
[07/06/16 16:15:41] [INFO] establishRegion(*regioninfo.Info{Table: "fuckclient", RegionName: "fuckclient,,1461218348322.94561ad079bc814c33b0ee70bead49a7.", StartKey: "", StopKey: ""}, , 0)
[07/06/16 16:15:41] [INFO] establishRegion(*regioninfo.Info{Table: "fuckclient", RegionName: "fuckclient,,1461218348322.94561ad079bc814c33b0ee70bead49a7.", StartKey: "", StopKey: ""}, , 0)
[07/06/16 16:15:41] [INFO] establishRegion(*regioninfo.Info{Table: "fuckclient", RegionName: "fuckclient,,1461218348322.94561ad079bc814c33b0ee70bead49a7.", StartKey: "", StopKey: ""}, , 0)
[07/06/16 16:15:41] [INFO] establishRegion(*regioninfo.Info{Table: "fuckclient", RegionName: "fuckclient,,1461218348322.94561ad079bc814c33b0ee70bead49a7.", StartKey: "", StopKey: ""}, , 0)
[07/06/16 16:15:41] [INFO] establishRegion(*regioninfo.Info{Table: "fuckclient", RegionName: "fuckclient,,1461218348322.94561ad079bc814c33b0ee70bead49a7.", StartKey: "", StopKey: ""}, , 0)
[07/06/16 16:15:41] [INFO] establishRegion(*regioninfo.Info{Table: "fuckclient", RegionName: "fuckclient,,1461218348322.94561ad079bc814c33b0ee70bead49a7.", StartKey: "", StopKey: ""}, , 0)
[07/06/16 16:15:41] [INFO] establishRegion(*regioninfo.Info{Table: "fuckclient", RegionName: "fuckclient,,1461218348322.94561ad079bc814c33b0ee70bead49a7.", StartKey: "", StopKey: ""}, , 0)
[07/06/16 16:15:41] [INFO] establishRegion(*regioninfo.Info{Table: "fuckclient", RegionName: "fuckclient,,1461218348322.94561ad079bc814c33b0ee70bead49a7.", StartKey: "", StopKey: ""}, , 0)
[07/06/16 16:15:41] [INFO] establishRegion(*regioninfo.Info{Table: "fuckclient", RegionName: "fuckclient,,1461218348322.94561ad079bc814c33b0ee70bead49a7.", StartKey: "", StopKey: ""}, , 0)
[07/06/16 16:15:41] [INFO] establishRegion(*regioninfo.Info{Table: "fuckclient", RegionName: "fuckclient,,1461218348322.94561ad079bc814c33b0ee70bead49a7.", StartKey: "", StopKey: ""}, , 0)
[07/06/16 16:15:41] [INFO] establishRegion(*regioninfo.Info{Table: "fuckclient", RegionName: "fuckclient,,1461218348322.94561ad079bc814c33b0ee70bead49a7.", StartKey: "", StopKey: ""}, , 0)
[07/06/16 16:15:41] [INFO] establishRegion(*regioninfo.Info{Table: "fuckclient", RegionName: "fuckclient,,1461218348322.94561ad079bc814c33b0ee70bead49a7.", StartKey: "", StopKey: ""}, , 0)
[07/06/16 16:15:41] [INFO] establishRegion(*regioninfo.Info{Table: "fuckclient", RegionName: "fuckclient,,1461218348322.94561ad079bc814c33b0ee70bead49a7.", StartKey: "", StopKey: ""}, , 0)
[07/06/16 16:15:41] [INFO] establishRegion(*regioninfo.Info{Table: "fuckclient", RegionName: "fuckclient,,1461218348322.94561ad079bc814c33b0ee70bead49a7.", StartKey: "", StopKey: ""}, , 0)
[07/06/16 16:15:41] [INFO] establishRegion(*regioninfo.Info{Table: "fuckclient", RegionName: "fuckclient,,1461218348322.94561ad079bc814c33b0ee70bead49a7.", StartKey: "", StopKey: ""}, , 0)
[07/06/16 16:15:41] [INFO] establishRegion(*regioninfo.Info{Table: "fuckclient", RegionName: "fuckclient,,1461218348322.94561ad079bc814c33b0ee70bead49a7.", StartKey: "", StopKey: ""}, , 0)
[07/06/16 16:15:41] [INFO] establishRegion(*regioninfo.Info{Table: "fuckclient", RegionName: "fuckclient,,1461218348322.94561ad079bc814c33b0ee70bead49a7.", StartKey: "", StopKey: ""}, , 0)
[07/06/16 16:15:41] [INFO] establishRegion(*regioninfo.Info{Table: "fuckclient", RegionName: "fuckclient,,1461218348322.94561ad079bc814c33b0ee70bead49a7.", StartKey: "", StopKey: ""}, , 0)
[07/06/16 16:15:41] [INFO] establishRegion(*regioninfo.Info{Table: "fuckclient", RegionName: "fuckclient,,1461218348322.94561ad079bc814c33b0ee70bead49a7.", StartKey: "", StopKey: ""}, , 0)
[07/06/16 16:15:41] [INFO] establishRegion(*regioninfo.Info{Table: "fuckclient", RegionName: "fuckclient,,1461218348322.94561ad079bc814c33b0ee70bead49a7.", StartKey: "", StopKey: ""}, , 0)
[07/06/16 16:15:41] [INFO] establishRegion(*regioninfo.Info{Table: "fuckclient", RegionName: "fuckclient,,1461218348322.94561ad079bc814c33b0ee70bead49a7.", StartKey: "", StopKey: ""}, , 0)
[07/06/16 16:15:41] [INFO] establishRegion(*regioninfo.Info{Table: "fuckclient", RegionName: "fuckclient,,1461218348322.94561ad079bc814c33b0ee70bead49a7.", StartKey: "", StopKey: ""}, , 0)
[07/06/16 16:15:41] [INFO] establishRegion(*regioninfo.Info{Table: "fuckclient", RegionName: "fuckclient,,1461218348322.94561ad079bc814c33b0ee70bead49a7.", StartKey: "", StopKey: ""}, , 0)
[07/06/16 16:15:41] [INFO] establishRegion(*regioninfo.Info{Table: "fuckclient", RegionName: "fuckclient,,1461218348322.94561ad079bc814c33b0ee70bead49a7.", StartKey: "", StopKey: ""}, , 0)
[07/06/16 16:15:41] [INFO] establishRegion(*regioninfo.Info{Table: "fuckclient", RegionName: "fuckclient,,1461218348322.94561ad079bc814c33b0ee70bead49a7.", StartKey: "", StopKey: ""}, , 0)
[07/06/16 16:15:41] [INFO] establishRegion(*regioninfo.Info{Table: "fuckclient", RegionName: "fuckclient,,1461218348322.94561ad079bc814c33b0ee70bead49a7.", StartKey: "", StopKey: ""}, , 0)
[07/06/16 16:15:41] [INFO] establishRegion(*regioninfo.Info{Table: "fuckclient", RegionName: "fuckclient,,1461218348322.94561ad079bc814c33b0ee70bead49a7.", StartKey: "", StopKey: ""}, , 0)
[07/06/16 16:15:41] [INFO] establishRegion(*regioninfo.Info{Table: "fuckclient", RegionName: "fuckclient,,1461218348322.94561ad079bc814c33b0ee70bead49a7.", StartKey: "", StopKey: ""}, , 0)
[07/06/16 16:15:41] [INFO] establishRegion(*regioninfo.Info{Table: "fuckclient", RegionName: "fuckclient,,1461218348322.94561ad079bc814c33b0ee70bead49a7.", StartKey: "", StopKey: ""}, , 0)
[07/06/16 16:15:41] [INFO] establishRegion(*regioninfo.Info{Table: "fuckclient", RegionName: "fuckclient,,1461218348322.94561ad079bc814c33b0ee70bead49a7.", StartKey: "", StopKey: ""}, , 0)
[07/06/16 16:15:41] [INFO] establishRegion(*regioninfo.Info{Table: "fuckclient", RegionName: "fuckclient,,1461218348322.94561ad079bc814c33b0ee70bead49a7.", StartKey: "", StopKey: ""}, , 0)
[07/06/16 16:15:41] [INFO] establishRegion(*regioninfo.Info{Table: "fuckclient", RegionName: "fuckclient,,1461218348322.94561ad079bc814c33b0ee70bead49a7.", StartKey: "", StopKey: ""}, , 0)
[07/06/16 16:15:41] [INFO] establishRegion(*regioninfo.Info{Table: "fuckclient", RegionName: "fuckclient,,1461218348322.94561ad079bc814c33b0ee70bead49a7.", StartKey: "", StopKey: ""}, , 0)
[07/06/16 16:15:41] [INFO] establishRegion(*regioninfo.Info{Table: "fuckclient", RegionName: "fuckclient,,1461218348322.94561ad079bc814c33b0ee70bead49a7.", StartKey: "", StopKey: ""}, , 0)
[07/06/16 16:15:41] [INFO] establishRegion(*regioninfo.Info{Table: "fuckclient", RegionName: "fuckclient,,1461218348322.94561ad079bc814c33b0ee70bead49a7.", StartKey: "", StopKey: ""}, , 0)
[07/06/16 16:15:41] [INFO] establishRegion(*regioninfo.Info{Table: "fuckclient", RegionName: "fuckclient,,1461218348322.94561ad079bc814c33b0ee70bead49a7.", StartKey: "", StopKey: ""}, , 0)
[07/06/16 16:15:41] [INFO] establishRegion(*regioninfo.Info{Table: "fuckclient", RegionName: "fuckclient,,1461218348322.94561ad079bc814c33b0ee70bead49a7.", StartKey: "", StopKey: ""}, , 0)
[07/06/16 16:15:41] [INFO] establishRegion(*regioninfo.Info{Table: "fuckclient", RegionName: "fuckclient,,1461218348322.94561ad079bc814c33b0ee70bead49a7.", StartKey: "", StopKey: ""}, , 0)
[07/06/16 16:15:41] [INFO] establishRegion(*regioninfo.Info{Table: "fuckclient", RegionName: "fuckclient,,1461218348322.94561ad079bc814c33b0ee70bead49a7.", StartKey: "", StopKey: ""}, , 0)
[07/06/16 16:15:41] [INFO] establishRegion(*regioninfo.Info{Table: "fuckclient", RegionName: "fuckclient,,1461218348322.94561ad079bc814c33b0ee70bead49a7.", StartKey: "", StopKey: ""}, , 0)
[07/06/16 16:15:41] [INFO] establishRegion(*regioninfo.Info{Table: "fuckclient", RegionName: "fuckclient,,1461218348322.94561ad079bc814c33b0ee70bead49a7.", StartKey: "", StopKey: ""}, , 0)
[07/06/16 16:15:41] [INFO] establishRegion(*regioninfo.Info{Table: "fuckclient", RegionName: "fuckclient,,1461218348322.94561ad079bc814c33b0ee70bead49a7.", StartKey: "", StopKey: ""}, , 0)
[07/06/16 16:15:41] [INFO] establishRegion(*regioninfo.Info{Table: "fuckclient", RegionName: "fuckclient,,1461218348322.94561ad079bc814c33b0ee70bead49a7.", StartKey: "", StopKey: ""}, , 0)
[07/06/16 16:15:41] [INFO] establishRegion(*regioninfo.Info{Table: "fuckclient", RegionName: "fuckclient,,1461218348322.94561ad079bc814c33b0ee70bead49a7.", StartKey: "", StopKey: ""}, , 0)
[07/06/16 16:15:41] [INFO] establishRegion(*regioninfo.Info{Table: "fuckclient", RegionName: "fuckclient,,1461218348322.94561ad079bc814c33b0ee70bead49a7.", StartKey: "", StopKey: ""}, , 0)
[07/06/16 16:15:41] [INFO] establishRegion(*regioninfo.Info{Table: "fuckclient", RegionName: "fuckclient,,1461218348322.94561ad079bc814c33b0ee70bead49a7.", StartKey: "", StopKey: ""}, , 0)
[07/06/16 16:15:41] [INFO] establishRegion(*regioninfo.Info{Table: "fuckclient", RegionName: "fuckclient,,1461218348322.94561ad079bc814c33b0ee70bead49a7.", StartKey: "", StopKey: ""}, , 0)
[07/06/16 16:15:41] [INFO] establishRegion(*regioninfo.Info{Table: "fuckclient", RegionName: "fuckclient,,1461218348322.94561ad079bc814c33b0ee70bead49a7.", StartKey: "", StopKey: ""}, , 0)
[07/06/16 16:15:41] [INFO] establishRegion(*regioninfo.Info{Table: "fuckclient", RegionName: "fuckclient,,1461218348322.94561ad079bc814c33b0ee70bead49a7.", StartKey: "", StopKey: ""}, , 0)
[07/06/16 16:15:41] [INFO] establishRegion(*regioninfo.Info{Table: "fuckclient", RegionName: "fuckclient,,1461218348322.94561ad079bc814c33b0ee70bead49a7.", StartKey: "", StopKey: ""}, , 0)
[07/06/16 16:15:41] [INFO] establishRegion(*regioninfo.Info{Table: "fuckclient", RegionName: "fuckclient,,1461218348322.94561ad079bc814c33b0ee70bead49a7.", StartKey: "", StopKey: ""}, , 0)
[07/06/16 16:15:41] [INFO] establishRegion(*regioninfo.Info{Table: "fuckclient", RegionName: "fuckclient,,1461218348322.94561ad079bc814c33b0ee70bead49a7.", StartKey: "", StopKey: ""}, , 0)
[07/06/16 16:15:41] [INFO] establishRegion(*regioninfo.Info{Table: "fuckclient", RegionName: "fuckclient,,1461218348322.94561ad079bc814c33b0ee70bead49a7.", StartKey: "", StopKey: ""}, , 0)
[07/06/16 16:15:41] [INFO] establishRegion(*regioninfo.Info{Table: "fuckclient", RegionName: "fuckclient,,1461218348322.94561ad079bc814c33b0ee70bead49a7.", StartKey: "", StopKey: ""}, , 0)
[07/06/16 16:15:41] [INFO] establishRegion(*regioninfo.Info{Table: "fuckclient", RegionName: "fuckclient,,1461218348322.94561ad079bc814c33b0ee70bead49a7.", StartKey: "", StopKey: ""}, , 0)
[07/06/16 16:15:41] [INFO] establishRegion(*regioninfo.Info{Table: "fuckclient", RegionName: "fuckclient,,1461218348322.94561ad079bc814c33b0ee70bead49a7.", StartKey: "", StopKey: ""}, , 0)
[07/06/16 16:15:41] [INFO] establishRegion(*regioninfo.Info{Table: "fuckclient", RegionName: "fuckclient,,1461218348322.94561ad079bc814c33b0ee70bead49a7.", StartKey: "", StopKey: ""}, , 0)
[07/06/16 16:15:41] [INFO] establishRegion(*regioninfo.Info{Table: "fuckclient", RegionName: "fuckclient,,1461218348322.94561ad079bc814c33b0ee70bead49a7.", StartKey: "", StopKey: ""}, , 0)
[07/06/16 16:15:41] [INFO] establishRegion(*regioninfo.Info{Table: "fuckclient", RegionName: "fuckclient,,1461218348322.94561ad079bc814c33b0ee70bead49a7.", StartKey: "", StopKey: ""}, , 0)
[07/06/16 16:15:41] [INFO] establishRegion(*regioninfo.Info{Table: "fuckclient", RegionName: "fuckclient,,1461218348322.94561ad079bc814c33b0ee70bead49a7.", StartKey: "", StopKey: ""}, , 0)
[07/06/16 16:15:41] [INFO] establishRegion(*regioninfo.Info{Table: "fuckclient", RegionName: "fuckclient,,1461218348322.94561ad079bc814c33b0ee70bead49a7.", StartKey: "", StopKey: ""}, , 0)
[07/06/16 16:15:41] [INFO] establishRegion(*regioninfo.Info{Table: "fuckclient", RegionName: "fuckclient,,1461218348322.94561ad079bc814c33b0ee70bead49a7.", StartKey: "", StopKey: ""}, , 0)
[07/06/16 16:15:41] [INFO] establishRegion(*regioninfo.Info{Table: "fuckclient", RegionName: "fuckclient,,1461218348322.94561ad079bc814c33b0ee70bead49a7.", StartKey: "", StopKey: ""}, , 0)
[07/06/16 16:15:41] [INFO] establishRegion(*regioninfo.Info{Table: "fuckclient", RegionName: "fuckclient,,1461218348322.94561ad079bc814c33b0ee70bead49a7.", StartKey: "", StopKey: ""}, , 0)
[07/06/16 16:15:41] [INFO] establishRegion(*regioninfo.Info{Table: "fuckclient", RegionName: "fuckclient,,1461218348322.94561ad079bc814c33b0ee70bead49a7.", StartKey: "", StopKey: ""}, , 0)
[07/06/16 16:15:41] [INFO] establishRegion(*regioninfo.Info{Table: "fuckclient", RegionName: "fuckclient,,1461218348322.94561ad079bc814c33b0ee70bead49a7.", StartKey: "", StopKey: ""}, , 0)
[07/06/16 16:15:41] [INFO] establishRegion(*regioninfo.Info{Table: "fuckclient", RegionName: "fuckclient,,1461218348322.94561ad079bc814c33b0ee70bead49a7.", StartKey: "", StopKey: ""}, , 0)
[07/06/16 16:15:41] [INFO] establishRegion(*regioninfo.Info{Table: "fuckclient", RegionName: "fuckclient,,1461218348322.94561ad079bc814c33b0ee70bead49a7.", StartKey: "", StopKey: ""}, , 0)
[07/06/16 16:15:41] [INFO] establishRegion(*regioninfo.Info{Table: "fuckclient", RegionName: "fuckclient,,1461218348322.94561ad079bc814c33b0ee70bead49a7.", StartKey: "", StopKey: ""}, , 0)
[07/06/16 16:15:41] [INFO] establishRegion(*regioninfo.Info{Table: "fuckclient", RegionName: "fuckclient,,1461218348322.94561ad079bc814c33b0ee70bead49a7.", StartKey: "", StopKey: ""}, , 0)
[07/06/16 16:15:41] [INFO] establishRegion(*regioninfo.Info{Table: "fuckclient", RegionName: "fuckclient,,1461218348322.94561ad079bc814c33b0ee70bead49a7.", StartKey: "", StopKey: ""}, , 0)
[07/06/16 16:15:41] [INFO] establishRegion(*regioninfo.Info{Table: "fuckclient", RegionName: "fuckclient,,1461218348322.94561ad079bc814c33b0ee70bead49a7.", StartKey: "", StopKey: ""}, , 0)
[07/06/16 16:15:41] [INFO] establishRegion(*regioninfo.Info{Table: "fuckclient", RegionName: "fuckclient,,1461218348322.94561ad079bc814c33b0ee70bead49a7.", StartKey: "", StopKey: ""}, , 0)
[07/06/16 16:15:41] [INFO] establishRegion(*regioninfo.Info{Table: "fuckclient", RegionName: "fuckclient,,1461218348322.94561ad079bc814c33b0ee70bead49a7.", StartKey: "", StopKey: ""}, , 0)
[07/06/16 16:15:41] [INFO] establishRegion(*regioninfo.Info{Table: "fuckclient", RegionName: "fuckclient,,1461218348322.94561ad079bc814c33b0ee70bead49a7.", StartKey: "", StopKey: ""}, , 0)
[07/06/16 16:15:41] [INFO] establishRegion(*regioninfo.Info{Table: "fuckclient", RegionName: "fuckclient,,1461218348322.94561ad079bc814c33b0ee70bead49a7.", StartKey: "", StopKey: ""}, , 0)
[07/06/16 16:15:41] [INFO] establishRegion(*regioninfo.Info{Table: "fuckclient", RegionName: "fuckclient,,1461218348322.94561ad079bc814c33b0ee70bead49a7.", StartKey: "", StopKey: ""}, , 0)
[07/06/16 16:15:41] [INFO] establishRegion(*regioninfo.Info{Table: "fuckclient", RegionName: "fuckclient,,1461218348322.94561ad079bc814c33b0ee70bead49a7.", StartKey: "", StopKey: ""}, , 0)
[07/06/16 16:15:41] [INFO] establishRegion(*regioninfo.Info{Table: "fuckclient", RegionName: "fuckclient,,1461218348322.94561ad079bc814c33b0ee70bead49a7.", StartKey: "", StopKey: ""}, , 0)
[07/06/16 16:15:41] [INFO] establishRegion(*regioninfo.Info{Table: "fuckclient", RegionName: "fuckclient,,1461218348322.94561ad079bc814c33b0ee70bead49a7.", StartKey: "", StopKey: ""}, , 0)
[07/06/16 16:15:41] [INFO] establishRegion(*regioninfo.Info{Table: "fuckclient", RegionName: "fuckclient,,1461218348322.94561ad079bc814c33b0ee70bead49a7.", StartKey: "", StopKey: ""}, , 0)
[07/06/16 16:15:41] [INFO] establishRegion(*regioninfo.Info{Table: "fuckclient", RegionName: "fuckclient,,1461218348322.94561ad079bc814c33b0ee70bead49a7.", StartKey: "", StopKey: ""}, , 0)
[07/06/16 16:15:41] [INFO] establishRegion(*regioninfo.Info{Table: "fuckclient", RegionName: "fuckclient,,1461218348322.94561ad079bc814c33b0ee70bead49a7.", StartKey: "", StopKey: ""}, , 0)
[07/06/16 16:15:41] [INFO] establishRegion(*regioninfo.Info{Table: "fuckclient", RegionName: "fuckclient,,1461218348322.94561ad079bc814c33b0ee70bead49a7.", StartKey: "", StopKey: ""}, , 0)
[07/06/16 16:15:41] [INFO] establishRegion(*regioninfo.Info{Table: "fuckclient", RegionName: "fuckclient,,1461218348322.94561ad079bc814c33b0ee70bead49a7.", StartKey: "", StopKey: ""}, , 0)
[07/06/16 16:15:41] [INFO] establishRegion(*regioninfo.Info{Table: "fuckclient", RegionName: "fuckclient,,1461218348322.94561ad079bc814c33b0ee70bead49a7.", StartKey: "", StopKey: ""}, , 0)
[07/06/16 16:15:41] [INFO] establishRegion(*regioninfo.Info{Table: "fuckclient", RegionName: "fuckclient,,1461218348322.94561ad079bc814c33b0ee70bead49a7.", StartKey: "", StopKey: ""}, , 0)
[07/06/16 16:15:41] [INFO] establishRegion(*regioninfo.Info{Table: "fuckclient", RegionName: "fuckclient,,1461218348322.94561ad079bc814c33b0ee70bead49a7.", StartKey: "", StopKey: ""}, , 0)
[07/06/16 16:15:41] [INFO] establishRegion(*regioninfo.Info{Table: "fuckclient", RegionName: "fuckclient,,1461218348322.94561ad079bc814c33b0ee70bead49a7.", StartKey: "", StopKey: ""}, , 0)
[07/06/16 16:15:41] [INFO] establishRegion(*regioninfo.Info{Table: "fuckclient", RegionName: "fuckclient,,1461218348322.94561ad079bc814c33b0ee70bead49a7.", StartKey: "", StopKey: ""}, , 0)
[07/06/16 16:15:41] [INFO] establishRegion(*regioninfo.Info{Table: "fuckclient", RegionName: "fuckclient,,1461218348322.94561ad079bc814c33b0ee70bead49a7.", StartKey: "", StopKey: ""}, , 0)
[07/06/16 16:15:41] [INFO] establishRegion(*regioninfo.Info{Table: "fuckclient", RegionName: "fuckclient,,1461218348322.94561ad079bc814c33b0ee70bead49a7.", StartKey: "", StopKey: ""}, , 0)
[07/06/16 16:15:41] [INFO] establishRegion(*regioninfo.Info{Table: "fuckclient", RegionName: "fuckclient,,1461218348322.94561ad079bc814c33b0ee70bead49a7.", StartKey: "", StopKey: ""}, , 0)
[07/06/16 16:15:41] [INFO] establishRegion(*regioninfo.Info{Table: "fuckclient", RegionName: "fuckclient,,1461218348322.94561ad079bc814c33b0ee70bead49a7.", StartKey: "", StopKey: ""}, , 0)
[07/06/16 16:15:41] [INFO] establishRegion(*regioninfo.Info{Table: "fuckclient", RegionName: "fuckclient,,1461218348322.94561ad079bc814c33b0ee70bead49a7.", StartKey: "", StopKey: ""}, , 0)
[07/06/16 16:15:41] [INFO] establishRegion(*regioninfo.Info{Table: "fuckclient", RegionName: "fuckclient,,1461218348322.94561ad079bc814c33b0ee70bead49a7.", StartKey: "", StopKey: ""}, , 0)
[07/06/16 16:15:41] [INFO] establishRegion(*regioninfo.Info{Table: "fuckclient", RegionName: "fuckclient,,1461218348322.94561ad079bc814c33b0ee70bead49a7.", StartKey: "", StopKey: ""}, , 0)
[07/06/16 16:15:41] [INFO] establishRegion(*regioninfo.Info{Table: "fuckclient", RegionName: "fuckclient,,1461218348322.94561ad079bc814c33b0ee70bead49a7.", StartKey: "", StopKey: ""}, , 0)
[07/06/16 16:15:41] [INFO] establishRegion(*regioninfo.Info{Table: "fuckclient", RegionName: "fuckclient,,1461218348322.94561ad079bc814c33b0ee70bead49a7.", StartKey: "", StopKey: ""}, , 0)
[07/06/16 16:15:41] [INFO] establishRegion(*regioninfo.Info{Table: "fuckclient", RegionName: "fuckclient,,1461218348322.94561ad079bc814c33b0ee70bead49a7.", StartKey: "", StopKey: ""}, , 0)
[07/06/16 16:15:41] [INFO] establishRegion(*regioninfo.Info{Table: "fuckclient", RegionName: "fuckclient,,1461218348322.94561ad079bc814c33b0ee70bead49a7.", StartKey: "", StopKey: ""}, , 0)
[07/06/16 16:15:41] [INFO] establishRegion(*regioninfo.Info{Table: "fuckclient", RegionName: "fuckclient,,1461218348322.94561ad079bc814c33b0ee70bead49a7.", StartKey: "", StopKey: ""}, , 0)
[07/06/16 16:15:41] [INFO] establishRegion(*regioninfo.Info{Table: "fuckclient", RegionName: "fuckclient,,1461218348322.94561ad079bc814c33b0ee70bead49a7.", StartKey: "", StopKey: ""}, , 0)
[07/06/16 16:15:41] [INFO] establishRegion(*regioninfo.Info{Table: "fuckclient", RegionName: "fuckclient,,1461218348322.94561ad079bc814c33b0ee70bead49a7.", StartKey: "", StopKey: ""}, , 0)
[07/06/16 16:15:41] [INFO] establishRegion(*regioninfo.Info{Table: "fuckclient", RegionName: "fuckclient,,1461218348322.94561ad079bc814c33b0ee70bead49a7.", StartKey: "", StopKey: ""}, , 0)
[07/06/16 16:15:41] [INFO] establishRegion(*regioninfo.Info{Table: "fuckclient", RegionName: "fuckclient,,1461218348322.94561ad079bc814c33b0ee70bead49a7.", StartKey: "", StopKey: ""}, , 0)
[07/06/16 16:15:41] [INFO] establishRegion(*regioninfo.Info{Table: "fuckclient", RegionName: "fuckclient,,1461218348322.94561ad079bc814c33b0ee70bead49a7.", StartKey: "", StopKey: ""}, , 0)
[07/06/16 16:15:41] [INFO] establishRegion(*regioninfo.Info{Table: "fuckclient", RegionName: "fuckclient,,1461218348322.94561ad079bc814c33b0ee70bead49a7.", StartKey: "", StopKey: ""}, , 0)
[07/06/16 16:15:41] [INFO] establishRegion(*regioninfo.Info{Table: "fuckclient", RegionName: "fuckclient,,1461218348322.94561ad079bc814c33b0ee70bead49a7.", StartKey: "", StopKey: ""}, , 0)
[07/06/16 16:15:41] [INFO] establishRegion(*regioninfo.Info{Table: "fuckclient", RegionName: "fuckclient,,1461218348322.94561ad079bc814c33b0ee70bead49a7.", StartKey: "", StopKey: ""}, , 0)
[07/06/16 16:15:41] [INFO] establishRegion(*regioninfo.Info{Table: "fuckclient", RegionName: "fuckclient,,1461218348322.94561ad079bc814c33b0ee70bead49a7.", StartKey: "", StopKey: ""}, , 0)
[07/06/16 16:15:41] [INFO] establishRegion(*regioninfo.Info{Table: "fuckclient", RegionName: "fuckclient,,1461218348322.94561ad079bc814c33b0ee70bead49a7.", StartKey: "", StopKey: ""}, , 0)
[07/06/16 16:15:41] [INFO] establishRegion(*regioninfo.Info{Table: "fuckclient", RegionName: "fuckclient,,1461218348322.94561ad079bc814c33b0ee70bead49a7.", StartKey: "", StopKey: ""}, , 0)
[07/06/16 16:15:41] [INFO] establishRegion(*regioninfo.Info{Table: "fuckclient", RegionName: "fuckclient,,1461218348322.94561ad079bc814c33b0ee70bead49a7.", StartKey: "", StopKey: ""}, , 0)
[07/06/16 16:15:41] [INFO] establishRegion(*regioninfo.Info{Table: "fuckclient", RegionName: "fuckclient,,1461218348322.94561ad079bc814c33b0ee70bead49a7.", StartKey: "", StopKey: ""}, , 0)
[07/06/16 16:15:41] [INFO] establishRegion(*regioninfo.Info{Table: "fuckclient", RegionName: "fuckclient,,1461218348322.94561ad079bc814c33b0ee70bead49a7.", StartKey: "", StopKey: ""}, , 0)
[07/06/16 16:15:41] [INFO] establishRegion(*regioninfo.Info{Table: "fuckclient", RegionName: "fuckclient,,1461218348322.94561ad079bc814c33b0ee70bead49a7.", StartKey: "", StopKey: ""}, , 0)
[07/06/16 16:15:41] [INFO] establishRegion(*regioninfo.Info{Table: "fuckclient", RegionName: "fuckclient,,1461218348322.94561ad079bc814c33b0ee70bead49a7.", StartKey: "", StopKey: ""}, , 0)
[07/06/16 16:15:41] [INFO] establishRegion(*regioninfo.Info{Table: "fuckclient", RegionName: "fuckclient,,1461218348322.94561ad079bc814c33b0ee70bead49a7.", StartKey: "", StopKey: ""}, , 0)
[07/06/16 16:15:41] [INFO] establishRegion(*regioninfo.Info{Table: "fuckclient", RegionName: "fuckclient,,1461218348322.94561ad079bc814c33b0ee70bead49a7.", StartKey: "", StopKey: ""}, , 0)
[07/06/16 16:15:41] [INFO] establishRegion(*regioninfo.Info{Table: "fuckclient", RegionName: "fuckclient,,1461218348322.94561ad079bc814c33b0ee70bead49a7.", StartKey: "", StopKey: ""}, , 0)
[07/06/16 16:15:41] [INFO] establishRegion(*regioninfo.Info{Table: "fuckclient", RegionName: "fuckclient,,1461218348322.94561ad079bc814c33b0ee70bead49a7.", StartKey: "", StopKey: ""}, , 0)
[07/06/16 16:15:41] [INFO] establishRegion(*regioninfo.Info{Table: "fuckclient", RegionName: "fuckclient,,1461218348322.94561ad079bc814c33b0ee70bead49a7.", StartKey: "", StopKey: ""}, , 0)
[07/06/16 16:15:41] [INFO] establishRegion(*regioninfo.Info{Table: "fuckclient", RegionName: "fuckclient,,1461218348322.94561ad079bc814c33b0ee70bead49a7.", StartKey: "", StopKey: ""}, , 0)
[07/06/16 16:15:41] [INFO] establishRegion(*regioninfo.Info{Table: "fuckclient", RegionName: "fuckclient,,1461218348322.94561ad079bc814c33b0ee70bead49a7.", StartKey: "", StopKey: ""}, , 0)
[07/06/16 16:15:41] [INFO] establishRegion(*regioninfo.Info{Table: "fuckclient", RegionName: "fuckclient,,1461218348322.94561ad079bc814c33b0ee70bead49a7.", StartKey: "", StopKey: ""}, , 0)
[07/06/16 16:15:41] [INFO] establishRegion(*regioninfo.Info{Table: "fuckclient", RegionName: "fuckclient,,1461218348322.94561ad079bc814c33b0ee70bead49a7.", StartKey: "", StopKey: ""}, , 0)
[07/06/16 16:15:41] [INFO] establishRegion(*regioninfo.Info{Table: "fuckclient", RegionName: "fuckclient,,1461218348322.94561ad079bc814c33b0ee70bead49a7.", StartKey: "", StopKey: ""}, , 0)
[07/06/16 16:15:41] [INFO] establishRegion(*regioninfo.Info{Table: "fuckclient", RegionName: "fuckclient,,1461218348322.94561ad079bc814c33b0ee70bead49a7.", StartKey: "", StopKey: ""}, , 0)
[07/06/16 16:15:41] [INFO] establishRegion(*regioninfo.Info{Table: "fuckclient", RegionName: "fuckclient,,1461218348322.94561ad079bc814c33b0ee70bead49a7.", StartKey: "", StopKey: ""}, , 0)
[07/06/16 16:15:41] [INFO] establishRegion(*regioninfo.Info{Table: "fuckclient", RegionName: "fuckclient,,1461218348322.94561ad079bc814c33b0ee70bead49a7.", StartKey: "", StopKey: ""}, , 0)
[07/06/16 16:15:41] [INFO] establishRegion(*regioninfo.Info{Table: "fuckclient", RegionName: "fuckclient,,1461218348322.94561ad079bc814c33b0ee70bead49a7.", StartKey: "", StopKey: ""}, , 0)
[07/06/16 16:15:41] [INFO] establishRegion(*regioninfo.Info{Table: "fuckclient", RegionName: "fuckclient,,1461218348322.94561ad079bc814c33b0ee70bead49a7.", StartKey: "", StopKey: ""}, , 0)
[07/06/16 16:15:41] [INFO] establishRegion(*regioninfo.Info{Table: "fuckclient", RegionName: "fuckclient,,1461218348322.94561ad079bc814c33b0ee70bead49a7.", StartKey: "", StopKey: ""}, , 0)
[07/06/16 16:15:41] [INFO] establishRegion(*regioninfo.Info{Table: "fuckclient", RegionName: "fuckclient,,1461218348322.94561ad079bc814c33b0ee70bead49a7.", StartKey: "", StopKey: ""}, , 0)
[07/06/16 16:15:41] [INFO] establishRegion(*regioninfo.Info{Table: "fuckclient", RegionName: "fuckclient,,1461218348322.94561ad079bc814c33b0ee70bead49a7.", StartKey: "", StopKey: ""}, , 0)
[07/06/16 16:15:41] [INFO] establishRegion(*regioninfo.Info{Table: "fuckclient", RegionName: "fuckclient,,1461218348322.94561ad079bc814c33b0ee70bead49a7.", StartKey: "", StopKey: ""}, , 0)
[07/06/16 16:15:41] [INFO] establishRegion(*regioninfo.Info{Table: "fuckclient", RegionName: "fuckclient,,1461218348322.94561ad079bc814c33b0ee70bead49a7.", StartKey: "", StopKey: ""}, , 0)
[07/06/16 16:15:41] [INFO] establishRegion(*regioninfo.Info{Table: "fuckclient", RegionName: "fuckclient,,1461218348322.94561ad079bc814c33b0ee70bead49a7.", StartKey: "", StopKey: ""}, , 0)
[07/06/16 16:15:41] [INFO] establishRegion(*regioninfo.Info{Table: "fuckclient", RegionName: "fuckclient,,1461218348322.94561ad079bc814c33b0ee70bead49a7.", StartKey: "", StopKey: ""}, , 0)
[07/06/16 16:15:41] [INFO] establishRegion(*regioninfo.Info{Table: "fuckclient", RegionName: "fuckclient,,1461218348322.94561ad079bc814c33b0ee70bead49a7.", StartKey: "", StopKey: ""}, , 0)
[07/06/16 16:15:41] [INFO] establishRegion(*regioninfo.Info{Table: "fuckclient", RegionName: "fuckclient,,1461218348322.94561ad079bc814c33b0ee70bead49a7.", StartKey: "", StopKey: ""}, , 0)
[07/06/16 16:15:41] [INFO] establishRegion(*regioninfo.Info{Table: "fuckclient", RegionName: "fuckclient,,1461218348322.94561ad079bc814c33b0ee70bead49a7.", StartKey: "", StopKey: ""}, , 0)
[07/06/16 16:15:41] [INFO] establishRegion(*regioninfo.Info{Table: "fuckclient", RegionName: "fuckclient,,1461218348322.94561ad079bc814c33b0ee70bead49a7.", StartKey: "", StopKey: ""}, , 0)
[07/06/16 16:15:41] [INFO] establishRegion(*regioninfo.Info{Table: "fuckclient", RegionName: "fuckclient,,1461218348322.94561ad079bc814c33b0ee70bead49a7.", StartKey: "", StopKey: ""}, , 0)
[07/06/16 16:15:41] [INFO] establishRegion(*regioninfo.Info{Table: "fuckclient", RegionName: "fuckclient,,1461218348322.94561ad079bc814c33b0ee70bead49a7.", StartKey: "", StopKey: ""}, , 0)
[07/06/16 16:15:41] [INFO] establishRegion(*regioninfo.Info{Table: "fuckclient", RegionName: "fuckclient,,1461218348322.94561ad079bc814c33b0ee70bead49a7.", StartKey: "", StopKey: ""}, , 0)
[07/06/16 16:15:41] [INFO] establishRegion(*regioninfo.Info{Table: "fuckclient", RegionName: "fuckclient,,1461218348322.94561ad079bc814c33b0ee70bead49a7.", StartKey: "", StopKey: ""}, , 0)
[07/06/16 16:15:41] [INFO] establishRegion(*regioninfo.Info{Table: "fuckclient", RegionName: "fuckclient,,1461218348322.94561ad079bc814c33b0ee70bead49a7.", StartKey: "", StopKey: ""}, , 0)
[07/06/16 16:15:41] [INFO] establishRegion(*regioninfo.Info{Table: "fuckclient", RegionName: "fuckclient,,1461218348322.94561ad079bc814c33b0ee70bead49a7.", StartKey: "", StopKey: ""}, , 0)
[07/06/16 16:15:41] [INFO] establishRegion(*regioninfo.Info{Table: "fuckclient", RegionName: "fuckclient,,1461218348322.94561ad079bc814c33b0ee70bead49a7.", StartKey: "", StopKey: ""}, , 0)
[07/06/16 16:15:41] [INFO] establishRegion(*regioninfo.Info{Table: "fuckclient", RegionName: "fuckclient,,1461218348322.94561ad079bc814c33b0ee70bead49a7.", StartKey: "", StopKey: ""}, , 0)
[07/06/16 16:15:41] [INFO] establishRegion(*regioninfo.Info{Table: "fuckclient", RegionName: "fuckclient,,1461218348322.94561ad079bc814c33b0ee70bead49a7.", StartKey: "", StopKey: ""}, , 0)
[07/06/16 16:15:41] [INFO] establishRegion(*regioninfo.Info{Table: "fuckclient", RegionName: "fuckclient,,1461218348322.94561ad079bc814c33b0ee70bead49a7.", StartKey: "", StopKey: ""}, , 0)
[07/06/16 16:15:41] [INFO] establishRegion(*regioninfo.Info{Table: "fuckclient", RegionName: "fuckclient,,1461218348322.94561ad079bc814c33b0ee70bead49a7.", StartKey: "", StopKey: ""}, , 0)
[07/06/16 16:15:41] [INFO] establishRegion(*regioninfo.Info{Table: "fuckclient", RegionName: "fuckclient,,1461218348322.94561ad079bc814c33b0ee70bead49a7.", StartKey: "", StopKey: ""}, , 0)
[07/06/16 16:15:41] [INFO] establishRegion(*regioninfo.Info{Table: "fuckclient", RegionName: "fuckclient,,1461218348322.94561ad079bc814c33b0ee70bead49a7.", StartKey: "", StopKey: ""}, , 0)
[07/06/16 16:15:41] [INFO] establishRegion(*regioninfo.Info{Table: "fuckclient", RegionName: "fuckclient,,1461218348322.94561ad079bc814c33b0ee70bead49a7.", StartKey: "", StopKey: ""}, , 0)
[07/06/16 16:15:41] [INFO] establishRegion(*regioninfo.Info{Table: "fuckclient", RegionName: "fuckclient,,1461218348322.94561ad079bc814c33b0ee70bead49a7.", StartKey: "", StopKey: ""}, , 0)
[07/06/16 16:15:41] [INFO] establishRegion(*regioninfo.Info{Table: "fuckclient", RegionName: "fuckclient,,1461218348322.94561ad079bc814c33b0ee70bead49a7.", StartKey: "", StopKey: ""}, , 0)
[07/06/16 16:15:41] [INFO] establishRegion(*regioninfo.Info{Table: "fuckclient", RegionName: "fuckclient,,1461218348322.94561ad079bc814c33b0ee70bead49a7.", StartKey: "", StopKey: ""}, , 0)
[07/06/16 16:15:41] [INFO] establishRegion(*regioninfo.Info{Table: "fuckclient", RegionName: "fuckclient,,1461218348322.94561ad079bc814c33b0ee70bead49a7.", StartKey: "", StopKey: ""}, , 0)
[07/06/16 16:15:41] [INFO] establishRegion(*regioninfo.Info{Table: "fuckclient", RegionName: "fuckclient,,1461218348322.94561ad079bc814c33b0ee70bead49a7.", StartKey: "", StopKey: ""}, , 0)
[07/06/16 16:15:41] [INFO] establishRegion(*regioninfo.Info{Table: "fuckclient", RegionName: "fuckclient,,1461218348322.94561ad079bc814c33b0ee70bead49a7.", StartKey: "", StopKey: ""}, , 0)
[07/06/16 16:15:41] [INFO] establishRegion(*regioninfo.Info{Table: "fuckclient", RegionName: "fuckclient,,1461218348322.94561ad079bc814c33b0ee70bead49a7.", StartKey: "", StopKey: ""}, , 0)
[07/06/16 16:15:41] [INFO] establishRegion(*regioninfo.Info{Table: "fuckclient", RegionName: "fuckclient,,1461218348322.94561ad079bc814c33b0ee70bead49a7.", StartKey: "", StopKey: ""}, , 0)
[07/06/16 16:15:41] [INFO] establishRegion(*regioninfo.Info{Table: "fuckclient", RegionName: "fuckclient,,1461218348322.94561ad079bc814c33b0ee70bead49a7.", StartKey: "", StopKey: ""}, , 0)
[07/06/16 16:15:41] [INFO] establishRegion(*regioninfo.Info{Table: "fuckclient", RegionName: "fuckclient,,1461218348322.94561ad079bc814c33b0ee70bead49a7.", StartKey: "", StopKey: ""}, , 0)
[07/06/16 16:15:41] [INFO] establishRegion(*regioninfo.Info{Table: "fuckclient", RegionName: "fuckclient,,1461218348322.94561ad079bc814c33b0ee70bead49a7.", StartKey: "", StopKey: ""}, , 0)
[07/06/16 16:15:41] [INFO] establishRegion(*regioninfo.Info{Table: "fuckclient", RegionName: "fuckclient,,1461218348322.94561ad079bc814c33b0ee70bead49a7.", StartKey: "", StopKey: ""}, , 0)
[07/06/16 16:15:41] [INFO] establishRegion(*regioninfo.Info{Table: "fuckclient", RegionName: "fuckclient,,1461218348322.94561ad079bc814c33b0ee70bead49a7.", StartKey: "", StopKey: ""}, , 0)
[07/06/16 16:15:41] [INFO] establishRegion(*regioninfo.Info{Table: "fuckclient", RegionName: "fuckclient,,1461218348322.94561ad079bc814c33b0ee70bead49a7.", StartKey: "", StopKey: ""}, , 0)
[07/06/16 16:15:41] [INFO] establishRegion(*regioninfo.Info{Table: "fuckclient", RegionName: "fuckclient,,1461218348322.94561ad079bc814c33b0ee70bead49a7.", StartKey: "", StopKey: ""}, , 0)
[07/06/16 16:15:41] [INFO] establishRegion(*regioninfo.Info{Table: "fuckclient", RegionName: "fuckclient,,1461218348322.94561ad079bc814c33b0ee70bead49a7.", StartKey: "", StopKey: ""}, , 0)
[07/06/16 16:15:41] [INFO] establishRegion(*regioninfo.Info{Table: "fuckclient", RegionName: "fuckclient,,1461218348322.94561ad079bc814c33b0ee70bead49a7.", StartKey: "", StopKey: ""}, , 0)
[07/06/16 16:15:41] [INFO] establishRegion(*regioninfo.Info{Table: "fuckclient", RegionName: "fuckclient,,1461218348322.94561ad079bc814c33b0ee70bead49a7.", StartKey: "", StopKey: ""}, , 0)
[07/06/16 16:15:41] [INFO] establishRegion(*regioninfo.Info{Table: "fuckclient", RegionName: "fuckclient,,1461218348322.94561ad079bc814c33b0ee70bead49a7.", StartKey: "", StopKey: ""}, , 0)
[07/06/16 16:15:41] [INFO] establishRegion(*regioninfo.Info{Table: "fuckclient", RegionName: "fuckclient,,1461218348322.94561ad079bc814c33b0ee70bead49a7.", StartKey: "", StopKey: ""}, , 0)
[07/06/16 16:15:41] [INFO] establishRegion(*regioninfo.Info{Table: "fuckclient", RegionName: "fuckclient,,1461218348322.94561ad079bc814c33b0ee70bead49a7.", StartKey: "", StopKey: ""}, , 0)
[07/06/16 16:15:41] [INFO] establishRegion(*regioninfo.Info{Table: "fuckclient", RegionName: "fuckclient,,1461218348322.94561ad079bc814c33b0ee70bead49a7.", StartKey: "", StopKey: ""}, , 0)
[07/06/16 16:15:41] [INFO] establishRegion(*regioninfo.Info{Table: "fuckclient", RegionName: "fuckclient,,1461218348322.94561ad079bc814c33b0ee70bead49a7.", StartKey: "", StopKey: ""}, , 0)
[07/06/16 16:15:41] [INFO] establishRegion(*regioninfo.Info{Table: "fuckclient", RegionName: "fuckclient,,1461218348322.94561ad079bc814c33b0ee70bead49a7.", StartKey: "", StopKey: ""}, , 0)
[07/06/16 16:15:41] [INFO] establishRegion(*regioninfo.Info{Table: "fuckclient", RegionName: "fuckclient,,1461218348322.94561ad079bc814c33b0ee70bead49a7.", StartKey: "", StopKey: ""}, , 0)
[07/06/16 16:15:41] [INFO] establishRegion(*regioninfo.Info{Table: "fuckclient", RegionName: "fuckclient,,1461218348322.94561ad079bc814c33b0ee70bead49a7.", StartKey: "", StopKey: ""}, , 0)
[07/06/16 16:15:41] [INFO] establishRegion(*regioninfo.Info{Table: "fuckclient", RegionName: "fuckclient,,1461218348322.94561ad079bc814c33b0ee70bead49a7.", StartKey: "", StopKey: ""}, , 0)
[07/06/16 16:15:41] [INFO] establishRegion(*regioninfo.Info{Table: "fuckclient", RegionName: "fuckclient,,1461218348322.94561ad079bc814c33b0ee70bead49a7.", StartKey: "", StopKey: ""}, , 0)
[07/06/16 16:15:41] [INFO] establishRegion(*regioninfo.Info{Table: "fuckclient", RegionName: "fuckclient,,1461218348322.94561ad079bc814c33b0ee70bead49a7.", StartKey: "", StopKey: ""}, , 0)
[07/06/16 16:15:41] [INFO] establishRegion(*regioninfo.Info{Table: "fuckclient", RegionName: "fuckclient,,1461218348322.94561ad079bc814c33b0ee70bead49a7.", StartKey: "", StopKey: ""}, , 0)
[07/06/16 16:15:41] [INFO] establishRegion(*regioninfo.Info{Table: "fuckclient", RegionName: "fuckclient,,1461218348322.94561ad079bc814c33b0ee70bead49a7.", StartKey: "", StopKey: ""}, , 0)
[07/06/16 16:15:41] [INFO] establishRegion(*regioninfo.Info{Table: "fuckclient", RegionName: "fuckclient,,1461218348322.94561ad079bc814c33b0ee70bead49a7.", StartKey: "", StopKey: ""}, , 0)
[07/06/16 16:15:41] [INFO] establishRegion(*regioninfo.Info{Table: "fuckclient", RegionName: "fuckclient,,1461218348322.94561ad079bc814c33b0ee70bead49a7.", StartKey: "", StopKey: ""}, , 0)
[07/06/16 16:15:41] [INFO] establishRegion(*regioninfo.Info{Table: "fuckclient", RegionName: "fuckclient,,1461218348322.94561ad079bc814c33b0ee70bead49a7.", StartKey: "", StopKey: ""}, , 0)
[07/06/16 16:15:41] [INFO] establishRegion(*regioninfo.Info{Table: "fuckclient", RegionName: "fuckclient,,1461218348322.94561ad079bc814c33b0ee70bead49a7.", StartKey: "", StopKey: ""}, , 0)
[07/06/16 16:15:41] [INFO] establishRegion(*regioninfo.Info{Table: "fuckclient", RegionName: "fuckclient,,1461218348322.94561ad079bc814c33b0ee70bead49a7.", StartKey: "", StopKey: ""}, , 0)
[07/06/16 16:15:41] [INFO] establishRegion(*regioninfo.Info{Table: "fuckclient", RegionName: "fuckclient,,1461218348322.94561ad079bc814c33b0ee70bead49a7.", StartKey: "", StopKey: ""}, , 0)
[07/06/16 16:15:41] [INFO] establishRegion(*regioninfo.Info{Table: "fuckclient", RegionName: "fuckclient,,1461218348322.94561ad079bc814c33b0ee70bead49a7.", StartKey: "", StopKey: ""}, , 0)
[07/06/16 16:15:41] [INFO] establishRegion(*regioninfo.Info{Table: "fuckclient", RegionName: "fuckclient,,1461218348322.94561ad079bc814c33b0ee70bead49a7.", StartKey: "", StopKey: ""}, , 0)
[07/06/16 16:15:41] [INFO] establishRegion(*regioninfo.Info{Table: "fuckclient", RegionName: "fuckclient,,1461218348322.94561ad079bc814c33b0ee70bead49a7.", StartKey: "", StopKey: ""}, , 0)
[07/06/16 16:15:41] [INFO] establishRegion(*regioninfo.Info{Table: "fuckclient", RegionName: "fuckclient,,1461218348322.94561ad079bc814c33b0ee70bead49a7.", StartKey: "", StopKey: ""}, , 0)
[07/06/16 16:15:41] [INFO] establishRegion(*regioninfo.Info{Table: "fuckclient", RegionName: "fuckclient,,1461218348322.94561ad079bc814c33b0ee70bead49a7.", StartKey: "", StopKey: ""}, , 0)
[07/06/16 16:15:41] [INFO] establishRegion(*regioninfo.Info{Table: "fuckclient", RegionName: "fuckclient,,1461218348322.94561ad079bc814c33b0ee70bead49a7.", StartKey: "", StopKey: ""}, , 0)
[07/06/16 16:15:41] [INFO] establishRegion(*regioninfo.Info{Table: "fuckclient", RegionName: "fuckclient,,1461218348322.94561ad079bc814c33b0ee70bead49a7.", StartKey: "", StopKey: ""}, , 0)
[07/06/16 16:15:41] [INFO] establishRegion(*regioninfo.Info{Table: "fuckclient", RegionName: "fuckclient,,1461218348322.94561ad079bc814c33b0ee70bead49a7.", StartKey: "", StopKey: ""}, , 0)
[07/06/16 16:15:41] [INFO] establishRegion(*regioninfo.Info{Table: "fuckclient", RegionName: "fuckclient,,1461218348322.94561ad079bc814c33b0ee70bead49a7.", StartKey: "", StopKey: ""}, , 0)
[07/06/16 16:15:41] [INFO] establishRegion(*regioninfo.Info{Table: "fuckclient", RegionName: "fuckclient,,1461218348322.94561ad079bc814c33b0ee70bead49a7.", StartKey: "", StopKey: ""}, , 0)
[07/06/16 16:15:41] [INFO] establishRegion(*regioninfo.Info{Table: "fuckclient", RegionName: "fuckclient,,1461218348322.94561ad079bc814c33b0ee70bead49a7.", StartKey: "", StopKey: ""}, , 0)
[07/06/16 16:15:41] [INFO] establishRegion(*regioninfo.Info{Table: "fuckclient", RegionName: "fuckclient,,1461218348322.94561ad079bc814c33b0ee70bead49a7.", StartKey: "", StopKey: ""}, , 0)
[07/06/16 16:15:41] [INFO] establishRegion(*regioninfo.Info{Table: "fuckclient", RegionName: "fuckclient,,1461218348322.94561ad079bc814c33b0ee70bead49a7.", StartKey: "", StopKey: ""}, , 0)
[07/06/16 16:15:41] [INFO] establishRegion(*regioninfo.Info{Table: "fuckclient", RegionName: "fuckclient,,1461218348322.94561ad079bc814c33b0ee70bead49a7.", StartKey: "", StopKey: ""}, , 0)
[07/06/16 16:15:41] [INFO] establishRegion(*regioninfo.Info{Table: "fuckclient", RegionName: "fuckclient,,1461218348322.94561ad079bc814c33b0ee70bead49a7.", StartKey: "", StopKey: ""}, , 0)
[07/06/16 16:15:41] [INFO] establishRegion(*regioninfo.Info{Table: "fuckclient", RegionName: "fuckclient,,1461218348322.94561ad079bc814c33b0ee70bead49a7.", StartKey: "", StopKey: ""}, , 0)
[07/06/16 16:15:41] [INFO] establishRegion(*regioninfo.Info{Table: "fuckclient", RegionName: "fuckclient,,1461218348322.94561ad079bc814c33b0ee70bead49a7.", StartKey: "", StopKey: ""}, , 0)
[07/06/16 16:15:41] [INFO] establishRegion(*regioninfo.Info{Table: "fuckclient", RegionName: "fuckclient,,1461218348322.94561ad079bc814c33b0ee70bead49a7.", StartKey: "", StopKey: ""}, , 0)
[07/06/16 16:15:41] [INFO] establishRegion(*regioninfo.Info{Table: "fuckclient", RegionName: "fuckclient,,1461218348322.94561ad079bc814c33b0ee70bead49a7.", StartKey: "", StopKey: ""}, , 0)
[07/06/16 16:15:41] [INFO] establishRegion(*regioninfo.Info{Table: "fuckclient", RegionName: "fuckclient,,1461218348322.94561ad079bc814c33b0ee70bead49a7.", StartKey: "", StopKey: ""}, , 0)
[07/06/16 16:15:41] [INFO] establishRegion(*regioninfo.Info{Table: "fuckclient", RegionName: "fuckclient,,1461218348322.94561ad079bc814c33b0ee70bead49a7.", StartKey: "", StopKey: ""}, , 0)
[07/06/16 16:15:41] [INFO] establishRegion(*regioninfo.Info{Table: "fuckclient", RegionName: "fuckclient,,1461218348322.94561ad079bc814c33b0ee70bead49a7.", StartKey: "", StopKey: ""}, , 0)
[07/06/16 16:15:41] [INFO] establishRegion(*regioninfo.Info{Table: "fuckclient", RegionName: "fuckclient,,1461218348322.94561ad079bc814c33b0ee70bead49a7.", StartKey: "", StopKey: ""}, , 0)
[07/06/16 16:15:41] [INFO] establishRegion(*regioninfo.Info{Table: "fuckclient", RegionName: "fuckclient,,1461218348322.94561ad079bc814c33b0ee70bead49a7.", StartKey: "", StopKey: ""}, , 0)
[07/06/16 16:15:41] [INFO] establishRegion(*regioninfo.Info{Table: "fuckclient", RegionName: "fuckclient,,1461218348322.94561ad079bc814c33b0ee70bead49a7.", StartKey: "", StopKey: ""}, , 0)
[07/06/16 16:15:41] [INFO] establishRegion(*regioninfo.Info{Table: "fuckclient", RegionName: "fuckclient,,1461218348322.94561ad079bc814c33b0ee70bead49a7.", StartKey: "", StopKey: ""}, , 0)
[07/06/16 16:15:41] [INFO] establishRegion(*regioninfo.Info{Table: "fuckclient", RegionName: "fuckclient,,1461218348322.94561ad079bc814c33b0ee70bead49a7.", StartKey: "", StopKey: ""}, , 0)
[07/06/16 16:15:41] [INFO] establishRegion(*regioninfo.Info{Table: "fuckclient", RegionName: "fuckclient,,1461218348322.94561ad079bc814c33b0ee70bead49a7.", StartKey: "", StopKey: ""}, , 0)
[07/06/16 16:15:41] [INFO] establishRegion(*regioninfo.Info{Table: "fuckclient", RegionName: "fuckclient,,1461218348322.94561ad079bc814c33b0ee70bead49a7.", StartKey: "", StopKey: ""}, , 0)
[07/06/16 16:15:41] [INFO] establishRegion(*regioninfo.Info{Table: "fuckclient", RegionName: "fuckclient,,1461218348322.94561ad079bc814c33b0ee70bead49a7.", StartKey: "", StopKey: ""}, , 0)
[07/06/16 16:15:41] [INFO] establishRegion(*regioninfo.Info{Table: "fuckclient", RegionName: "fuckclient,,1461218348322.94561ad079bc814c33b0ee70bead49a7.", StartKey: "", StopKey: ""}, , 0)
[07/06/16 16:15:41] [INFO] establishRegion(*regioninfo.Info{Table: "fuckclient", RegionName: "fuckclient,,1461218348322.94561ad079bc814c33b0ee70bead49a7.", StartKey: "", StopKey: ""}, , 0)
[07/06/16 16:15:41] [INFO] establishRegion(*regioninfo.Info{Table: "fuckclient", RegionName: "fuckclient,,1461218348322.94561ad079bc814c33b0ee70bead49a7.", StartKey: "", StopKey: ""}, , 0)
[07/06/16 16:15:41] [INFO] establishRegion(*regioninfo.Info{Table: "fuckclient", RegionName: "fuckclient,,1461218348322.94561ad079bc814c33b0ee70bead49a7.", StartKey: "", StopKey: ""}, , 0)
[07/06/16 16:15:41] [INFO] establishRegion(*regioninfo.Info{Table: "fuckclient", RegionName: "fuckclient,,1461218348322.94561ad079bc814c33b0ee70bead49a7.", StartKey: "", StopKey: ""}, , 0)
[07/06/16 16:15:41] [INFO] establishRegion(*regioninfo.Info{Table: "fuckclient", RegionName: "fuckclient,,1461218348322.94561ad079bc814c33b0ee70bead49a7.", StartKey: "", StopKey: ""}, , 0)
[07/06/16 16:15:41] [INFO] establishRegion(*regioninfo.Info{Table: "fuckclient", RegionName: "fuckclient,,1461218348322.94561ad079bc814c33b0ee70bead49a7.", StartKey: "", StopKey: ""}, , 0)
[07/06/16 16:15:41] [INFO] establishRegion(*regioninfo.Info{Table: "fuckclient", RegionName: "fuckclient,,1461218348322.94561ad079bc814c33b0ee70bead49a7.", StartKey: "", StopKey: ""}, , 0)
[07/06/16 16:15:41] [INFO] establishRegion(*regioninfo.Info{Table: "fuckclient", RegionName: "fuckclient,,1461218348322.94561ad079bc814c33b0ee70bead49a7.", StartKey: "", StopKey: ""}, , 0)
[07/06/16 16:15:41] [INFO] establishRegion(*regioninfo.Info{Table: "fuckclient", RegionName: "fuckclient,,1461218348322.94561ad079bc814c33b0ee70bead49a7.", StartKey: "", StopKey: ""}, , 0)
[07/06/16 16:15:41] [INFO] establishRegion(*regioninfo.Info{Table: "fuckclient", RegionName: "fuckclient,,1461218348322.94561ad079bc814c33b0ee70bead49a7.", StartKey: "", StopKey: ""}, , 0)
[07/06/16 16:15:41] [INFO] establishRegion(*regioninfo.Info{Table: "fuckclient", RegionName: "fuckclient,,1461218348322.94561ad079bc814c33b0ee70bead49a7.", StartKey: "", StopKey: ""}, , 0)
[07/06/16 16:15:41] [INFO] establishRegion(*regioninfo.Info{Table: "fuckclient", RegionName: "fuckclient,,1461218348322.94561ad079bc814c33b0ee70bead49a7.", StartKey: "", StopKey: ""}, , 0)
[07/06/16 16:15:41] [INFO] establishRegion(*regioninfo.Info{Table: "fuckclient", RegionName: "fuckclient,,1461218348322.94561ad079bc814c33b0ee70bead49a7.", StartKey: "", StopKey: ""}, , 0)
[07/06/16 16:15:41] [INFO] establishRegion(*regioninfo.Info{Table: "fuckclient", RegionName: "fuckclient,,1461218348322.94561ad079bc814c33b0ee70bead49a7.", StartKey: "", StopKey: ""}, , 0)
[07/06/16 16:15:41] [INFO] establishRegion(*regioninfo.Info{Table: "fuckclient", RegionName: "fuckclient,,1461218348322.94561ad079bc814c33b0ee70bead49a7.", StartKey: "", StopKey: ""}, , 0)
[07/06/16 16:15:41] [INFO] establishRegion(*regioninfo.Info{Table: "fuckclient", RegionName: "fuckclient,,1461218348322.94561ad079bc814c33b0ee70bead49a7.", StartKey: "", StopKey: ""}, , 0)
[07/06/16 16:15:41] [INFO] establishRegion(*regioninfo.Info{Table: "fuckclient", RegionName: "fuckclient,,1461218348322.94561ad079bc814c33b0ee70bead49a7.", StartKey: "", StopKey: ""}, , 0)
[07/06/16 16:15:41] [INFO] establishRegion(*regioninfo.Info{Table: "fuckclient", RegionName: "fuckclient,,1461218348322.94561ad079bc814c33b0ee70bead49a7.", StartKey: "", StopKey: ""}, , 0)
[07/06/16 16:15:41] [INFO] establishRegion(*regioninfo.Info{Table: "fuckclient", RegionName: "fuckclient,,1461218348322.94561ad079bc814c33b0ee70bead49a7.", StartKey: "", StopKey: ""}, , 0)
[07/06/16 16:15:41] [INFO] establishRegion(*regioninfo.Info{Table: "fuckclient", RegionName: "fuckclient,,1461218348322.94561ad079bc814c33b0ee70bead49a7.", StartKey: "", StopKey: ""}, , 0)
[07/06/16 16:15:41] [INFO] establishRegion(*regioninfo.Info{Table: "fuckclient", RegionName: "fuckclient,,1461218348322.94561ad079bc814c33b0ee70bead49a7.", StartKey: "", StopKey: ""}, , 0)
[07/06/16 16:15:41] [EROR] Meta seems to be broken, there was no regioninfo in result:<associated_cell_count:0 >
[07/06/16 16:15:41] [EROR] get meta for metaKey (fuckclient,,:) met error(Meta seems to be broken, there was no regioninfo in result:<associated_cell_count:0 > )

b_test.go:33: Scan returned an error: HBase Java exception org.apache.hadoop.hbase.UnknownScannerException:
		org.apache.hadoop.hbase.UnknownScannerException: Name: 11501954, already closed?
			at org.apache.hadoop.hbase.regionserver.RSRpcServices.scan(RSRpcServices.java:2223)
			at org.apache.hadoop.hbase.protobuf.generated.ClientProtos$ClientService$2.callBlockingMethod(ClientProtos.java:32205)
			at org.apache.hadoop.hbase.ipc.RpcServer.call(RpcServer.java:2114)
			at org.apache.hadoop.hbase.ipc.CallRunner.run(CallRunner.java:101)
			at org.apache.hadoop.hbase.ipc.RpcExecutor.consumerLoop(RpcExecutor.java:130)
			at org.apache.hadoop.hbase.ipc.RpcExecutor$1.run(RpcExecutor.java:107)
			at java.lang.Thread.run(Thread.java:745)

exit status 1
FAIL	golang/gohbase	11.571s
